<?xml version="1.0" encoding="UTF-8"?>
<!-- Generated by org.testng.reporters.JUnitXMLReporter -->
<testsuite ignored="0" hostname="DESKTOP-6IUGFCO" failures="0" tests="3" name="Default test" time="0.173" errors="0" timestamp="2024-06-17T22:34:07 EDT">
  <testcase classname="com.testNG.simple.testNGtest" name="testscript_1" time="0.02"/>
  <testcase classname="com.testNG.simple.testNGtest" name="testscript_2" time="0.004"/>
  <testcase classname="com.testNG.simple.testNGtest" name="testscript_3" time="0.005"/>
</testsuite> <!-- Default test -->
