<?xml version="1.0" encoding="UTF-8"?>
<testng-results ignored="0" total="3" passed="3" failed="0" skipped="0">
  <reporter-output>
  </reporter-output>
  <suite started-at="2024-06-17T22:34:07 EDT" name="Default suite" finished-at="2024-06-17T22:34:07 EDT" duration-ms="173">
    <groups>
    </groups>
    <test started-at="2024-06-17T22:34:07 EDT" name="Default test" finished-at="2024-06-17T22:34:07 EDT" duration-ms="173">
      <class name="com.testNG.simple.testNGtest">
        <test-method signature="testscript_1()[pri:0, instance:com.testNG.simple.testNGtest@26e356f0]" started-at="2024-06-17T22:34:07 EDT" name="testscript_1" finished-at="2024-06-17T22:34:07 EDT" duration-ms="20" status="PASS">
          <reporter-output>
          </reporter-output>
        </test-method> <!-- testscript_1 -->
        <test-method signature="testscript_2()[pri:0, instance:com.testNG.simple.testNGtest@26e356f0]" started-at="2024-06-17T22:34:07 EDT" name="testscript_2" finished-at="2024-06-17T22:34:07 EDT" duration-ms="4" status="PASS">
          <reporter-output>
          </reporter-output>
        </test-method> <!-- testscript_2 -->
        <test-method signature="testscript_3()[pri:0, instance:com.testNG.simple.testNGtest@26e356f0]" started-at="2024-06-17T22:34:07 EDT" name="testscript_3" finished-at="2024-06-17T22:34:07 EDT" duration-ms="5" status="PASS">
          <reporter-output>
          </reporter-output>
        </test-method> <!-- testscript_3 -->
      </class> <!-- com.testNG.simple.testNGtest -->
    </test> <!-- Default test -->
  </suite> <!-- Default suite -->
</testng-results>
